============================= test session starts =============================
platform win32 -- Python 3.14.2, pytest-9.0.2, pluggy-1.6.0 -- C:\Python314\python.exe
cachedir: .pytest_cache
rootdir: C:\Bordel\Projet\MailSavior\MailSaviorAI
plugins: anyio-4.12.1, aiohttp-1.1.0, asyncio-1.3.0, cov-7.1.0, mock-3.15.1
asyncio: mode=Mode.STRICT, debug=False, asyncio_default_fixture_loop_scope=None, asyncio_default_test_loop_scope=function
collecting ... collected 13 items

tests/test_api.py::test_health_returns_200_and_model_loaded PASSED       [  7%]
tests/test_api.py::test_analyze_returns_contract_fields PASSED           [ 15%]
tests/test_api.py::test_analyze_phishing_vs_safe PASSED                  [ 23%]
tests/test_api.py::test_analyze_empty_text_returns_422 PASSED            [ 30%]
tests/test_api.py::test_analyze_missing_field_returns_422 PASSED         [ 38%]
tests/test_api.py::test_analyze_returns_503_when_model_absent PASSED     [ 46%]
tests/test_api.py::test_health_degraded_when_model_absent PASSED         [ 53%]
tests/test_api.py::test_feedback_valid_is_persisted PASSED               [ 61%]
tests/test_api.py::test_feedback_invalid_is_rejected PASSED              [ 69%]
tests/test_api.py::test_monitoring_csv_written_on_analyze PASSED         [ 76%]
tests/test_model.py::test_artefact_exists_and_loads PASSED               [ 84%]
tests/test_model.py::test_dataset_readable_and_valid PASSED              [ 92%]
tests/test_model.py::test_prediction_returns_valid_label_and_score PASSED [100%]

============================= 13 passed in 1.36s ==============================
